[35m[1mScanning dependencies of target calc_sensor_val[0m
[ 50%] Built target disp_val
[ 75%] [32mBuilding CXX object CMakeFiles/calc_sensor_val.dir/src/calc_sensor_val.cpp.o[0m
[01m[K/home/roblab/Robolab/TechDev_LineTrace/src/linetrace/src/calc_sensor_val.cpp:[m[K In function â€˜[01m[Kstd::vector<float> calc_wheel_speeds(std::vector<float>)[m[Kâ€™:
[01m[K/home/roblab/Robolab/TechDev_LineTrace/src/linetrace/src/calc_sensor_val.cpp:88:21:[m[K [01;31m[Kerror: [m[Kunable to find numeric literal operator â€˜[01m[Koperator""f[m[Kâ€™
     sensor_val[0] = [01;31m[K1f[m[K
                     [01;31m[K^~[m[K
[01m[K/home/roblab/Robolab/TechDev_LineTrace/src/linetrace/src/calc_sensor_val.cpp:100:13:[m[K [01;31m[Kerror: [m[Kâ€˜[01m[Kblack_detected_sensor[m[Kâ€™ was not declared in this scope
             [01;31m[Kblack_detected_sensor[m[K = i;
             [01;31m[K^~~~~~~~~~~~~~~~~~~~~[m[K
In file included from [01m[K/opt/ros/melodic/include/ros/ros.h:40:0[m[K,
                 from [01m[K/home/roblab/Robolab/TechDev_LineTrace/src/linetrace/src/calc_sensor_val.cpp:4[m[K:
[01m[K/home/roblab/Robolab/TechDev_LineTrace/src/linetrace/src/calc_sensor_val.cpp:104:20:[m[K [01;31m[Kerror: [m[Kâ€˜[01m[Kblack_detected_sensor[m[Kâ€™ was not declared in this scope
     ROS_INFO("%i", [01;31m[Kb[m[Klack_detected_sensor);
                    [01;31m[K^[m[K
[01m[K/opt/ros/melodic/include/ros/console.h:348:165:[m[K [01;36m[Knote: [m[Kin definition of macro â€˜[01m[KROSCONSOLE_PRINT_AT_LOCATION_WITH_FILTER[m[Kâ€™
     ::ros::console::print(filter, __rosconsole_define_location__loc.logger_, __rosconsole_define_location__loc.level_, __FILE__, __LINE__, __ROSCONSOLE_FUNCTION__, [01;36m[K__VA_ARGS__[m[K)
                                                                                                                                                                     [01;36m[K^~~~~~~~~~~[m[K
[01m[K/opt/ros/melodic/include/ros/console.h:387:7:[m[K [01;36m[Knote: [m[Kin expansion of macro â€˜[01m[KROSCONSOLE_PRINT_AT_LOCATION[m[Kâ€™
       [01;36m[KROSCONSOLE_PRINT_AT_LOCATION[m[K(__VA_ARGS__); \
       [01;36m[K^~~~~~~~~~~~~~~~~~~~~~~~~~~~[m[K
[01m[K/opt/ros/melodic/include/ros/console.h:572:35:[m[K [01;36m[Knote: [m[Kin expansion of macro â€˜[01m[KROS_LOG_COND[m[Kâ€™
 #define ROS_LOG(level, name, ...) [01;36m[KROS_LOG_COND[m[K(true, level, name, __VA_ARGS__)
                                   [01;36m[K^~~~~~~~~~~~[m[K
[01m[K/opt/ros/melodic/include/rosconsole/macros_generated.h:110:23:[m[K [01;36m[Knote: [m[Kin expansion of macro â€˜[01m[KROS_LOG[m[Kâ€™
 #define ROS_INFO(...) [01;36m[KROS_LOG[m[K(::ros::console::levels::Info, ROSCONSOLE_DEFAULT_NAME, __VA_ARGS__)
                       [01;36m[K^~~~~~~[m[K
[01m[K/home/roblab/Robolab/TechDev_LineTrace/src/linetrace/src/calc_sensor_val.cpp:104:5:[m[K [01;36m[Knote: [m[Kin expansion of macro â€˜[01m[KROS_INFO[m[Kâ€™
     [01;36m[KROS_INFO[m[K("%i", black_detected_sensor);
     [01;36m[K^~~~~~~~[m[K
[01m[K/home/roblab/Robolab/TechDev_LineTrace/src/linetrace/src/calc_sensor_val.cpp:106:9:[m[K [01;31m[Kerror: [m[Kâ€˜[01m[Kblack_detected_sensor[m[Kâ€™ was not declared in this scope
     if ([01;31m[Kblack_detected_sensor[m[K == 3){
         [01;31m[K^~~~~~~~~~~~~~~~~~~~~[m[K
CMakeFiles/calc_sensor_val.dir/build.make:62: recipe for target 'CMakeFiles/calc_sensor_val.dir/src/calc_sensor_val.cpp.o' failed
make[2]: *** [CMakeFiles/calc_sensor_val.dir/src/calc_sensor_val.cpp.o] Error 1
CMakeFiles/Makefile2:67: recipe for target 'CMakeFiles/calc_sensor_val.dir/all' failed
Makefile:140: recipe for target 'all' failed
make[1]: *** [CMakeFiles/calc_sensor_val.dir/all] Error 2
make: *** [all] Error 2
