[35m[1mScanning dependencies of target disp_val[0m
[ 25%] [32mBuilding CXX object CMakeFiles/calc_sensor_val.dir/src/calc_sensor_val.cpp.o[0m
[ 50%] [32mBuilding CXX object CMakeFiles/disp_val.dir/src/disp_val.cpp.o[0m
[01m[K/home/roblab/Robolab/TechDev_LineTrace/src/linetrace/src/calc_sensor_val.cpp:47:1:[m[K [01;31m[Kerror: [m[Kexpected â€˜[01m[K,[m[Kâ€™ or â€˜[01m[K;[m[Kâ€™ before â€˜[01m[Kint[m[Kâ€™
 [01;31m[Kint[m[K main(int argc, char **argv)
 [01;31m[K^~~[m[K
CMakeFiles/calc_sensor_val.dir/build.make:62: recipe for target 'CMakeFiles/calc_sensor_val.dir/src/calc_sensor_val.cpp.o' failed
CMakeFiles/Makefile2:67: recipe for target 'CMakeFiles/calc_sensor_val.dir/all' failed
make[2]: *** [CMakeFiles/calc_sensor_val.dir/src/calc_sensor_val.cpp.o] Error 1
make[1]: *** [CMakeFiles/calc_sensor_val.dir/all] Error 2
make[1]: *** æœªå®Œäº†ã®ã‚¸ãƒ§ãƒ–ã‚’å¾…ã£ã¦ã„ã¾ã™....
[ 75%] [32m[1mLinking CXX executable /home/roblab/Robolab/TechDev_LineTrace/devel/.private/linetrace/lib/linetrace/disp_val[0m
[ 75%] Built target disp_val
Makefile:140: recipe for target 'all' failed
make: *** [all] Error 2
